Build started 8.5.2015 14:06:13.
     1>Project "I:\kansiot\Food hunting\peli.v2\sfml\sfml\sfml.vcxproj" on node 2 (Build target(s)).
     1>ClCompile:
         C:\Program Files (x86)\Microsoft Visual Studio 12.0\VC\bin\CL.exe /c /I"I:\kansiot\Food hunting\peli.v2\sfml\sfml\include\\" /I"I:\kansiot\Food hunting\peli.v2\sfml\..\SFML-2.2\include" /I"I:\kansiot\Food hunting\peli.v2\sfml\..\Box2D\\" /ZI /nologo /W4 /WX- /Od /Oy- /D SFML_STATIC /D WIN32 /D _DEBUG /D _WINDOWS /D _UNICODE /D UNICODE /Gm /EHsc /RTC1 /MDd /GS /fp:precise /Zc:wchar_t /Zc:forScope /Fo"I:\kansiot\Food hunting\peli.v2\sfml\sfml\objDebug\\" /Fd"I:\kansiot\Food hunting\peli.v2\sfml\sfml\objDebug\vc120.pdb" /Gd /TP /analyze- /errorReport:prompt Collisioncheck.cpp Enemy1.cpp Food1.cpp Main.cpp Player.cpp
         Enemy1.cpp
     1>i:\kansiot\food hunting\peli.v2\sfml\sfml\player.h(42): warning C4512: 'Player' : assignment operator could not be generated
                 i:\kansiot\food hunting\peli.v2\sfml\sfml\player.h(13) : see declaration of 'Player'
     1>i:\kansiot\food hunting\peli.v2\sfml\sfml\enemy1.h(45): warning C4512: 'Enemy1' : assignment operator could not be generated
                 i:\kansiot\food hunting\peli.v2\sfml\sfml\enemy1.h(14) : see declaration of 'Enemy1'
     1>i:\kansiot\food hunting\peli.v2\sfml\sfml\food1.h(38): warning C4512: 'Food1' : assignment operator could not be generated
                 i:\kansiot\food hunting\peli.v2\sfml\sfml\food1.h(13) : see declaration of 'Food1'
     1>i:\kansiot\food hunting\peli.v2\sfml\sfml\enemy1.cpp(94): warning C4100: 'elapsedTime' : unreferenced formal parameter
         Generating Code...
         Compiling...
         Main.cpp
     1>i:\kansiot\food hunting\peli.v2\sfml\sfml\player.h(42): warning C4512: 'Player' : assignment operator could not be generated
                 i:\kansiot\food hunting\peli.v2\sfml\sfml\player.h(13) : see declaration of 'Player'
     1>i:\kansiot\food hunting\peli.v2\sfml\sfml\enemy1.h(45): warning C4512: 'Enemy1' : assignment operator could not be generated
                 i:\kansiot\food hunting\peli.v2\sfml\sfml\enemy1.h(14) : see declaration of 'Enemy1'
     1>i:\kansiot\food hunting\peli.v2\sfml\sfml\food1.h(38): warning C4512: 'Food1' : assignment operator could not be generated
                 i:\kansiot\food hunting\peli.v2\sfml\sfml\food1.h(13) : see declaration of 'Food1'
         Food1.cpp
     1>i:\kansiot\food hunting\peli.v2\sfml\sfml\food1.h(38): warning C4512: 'Food1' : assignment operator could not be generated
                 i:\kansiot\food hunting\peli.v2\sfml\sfml\food1.h(13) : see declaration of 'Food1'
     1>i:\kansiot\food hunting\peli.v2\sfml\sfml\player.h(42): warning C4512: 'Player' : assignment operator could not be generated
                 i:\kansiot\food hunting\peli.v2\sfml\sfml\player.h(13) : see declaration of 'Player'
     1>i:\kansiot\food hunting\peli.v2\sfml\sfml\enemy1.h(45): warning C4512: 'Enemy1' : assignment operator could not be generated
                 i:\kansiot\food hunting\peli.v2\sfml\sfml\enemy1.h(14) : see declaration of 'Enemy1'
     1>i:\kansiot\food hunting\peli.v2\sfml\sfml\food1.cpp(86): warning C4100: 'elapsedTime' : unreferenced formal parameter
         Collisioncheck.cpp
     1>i:\kansiot\food hunting\peli.v2\sfml\sfml\player.h(42): warning C4512: 'Player' : assignment operator could not be generated
                 i:\kansiot\food hunting\peli.v2\sfml\sfml\player.h(13) : see declaration of 'Player'
     1>i:\kansiot\food hunting\peli.v2\sfml\sfml\enemy1.h(45): warning C4512: 'Enemy1' : assignment operator could not be generated
                 i:\kansiot\food hunting\peli.v2\sfml\sfml\enemy1.h(14) : see declaration of 'Enemy1'
     1>i:\kansiot\food hunting\peli.v2\sfml\sfml\food1.h(38): warning C4512: 'Food1' : assignment operator could not be generated
                 i:\kansiot\food hunting\peli.v2\sfml\sfml\food1.h(13) : see declaration of 'Food1'
     1>i:\kansiot\food hunting\peli.v2\sfml\sfml\collisioncheck.cpp(7): warning C4100: 'e1' : unreferenced formal parameter
     1>i:\kansiot\food hunting\peli.v2\sfml\sfml\collisioncheck.cpp(7): warning C4100: 'f1' : unreferenced formal parameter
         Generating Code...
         Skipping... (no relevant changes detected)
         Player.cpp
       Link:
         C:\Program Files (x86)\Microsoft Visual Studio 12.0\VC\bin\link.exe /ERRORREPORT:PROMPT /OUT:"I:\kansiot\Food hunting\peli.v2\sfml\Debug\sfml.exe" /INCREMENTAL /NOLOGO /LIBPATH:"I:\kansiot\Food hunting\peli.v2\sfml\..\SFML-2.2\lib" /LIBPATH:"I:\kansiot\Food hunting\peli.v2\sfml\..\Box2D\Build\vs2012\bin\Debug\\" "sfml-window-s-d.lib" "sfml-system-s-d.lib" "sfml-graphics-s-d.lib" glew.lib freetype.lib jpeg.lib opengl32.lib winmm.lib kernel32.lib user32.lib gdi32.lib winspool.lib comdlg32.lib advapi32.lib shell32.lib ole32.lib oleaut32.lib uuid.lib odbc32.lib odbccp32.lib OpenGL32.lib Box2D.lib /MANIFEST /MANIFESTUAC:"level='asInvoker' uiAccess='false'" /manifest:embed /DEBUG /PDB:"I:\kansiot\Food hunting\peli.v2\sfml\Debug\sfml.pdb" /SUBSYSTEM:WINDOWS /TLBID:1 /ENTRY:"mainCRTStartup" /DYNAMICBASE /NXCOMPAT /IMPLIB:"I:\kansiot\Food hunting\peli.v2\sfml\Debug\sfml.lib" /MACHINE:X86 "I:\kansiot\Food hunting\peli.v2\sfml\sfml\objDebug\Collisioncheck.obj"
         "I:\kansiot\Food hunting\peli.v2\sfml\sfml\objDebug\Enemy1.obj"
         "I:\kansiot\Food hunting\peli.v2\sfml\sfml\objDebug\Food1.obj"
         "I:\kansiot\Food hunting\peli.v2\sfml\sfml\objDebug\Main.obj"
         "I:\kansiot\Food hunting\peli.v2\sfml\sfml\objDebug\Player.obj"
     1>sfml-window-s-d.lib(Context.cpp.obj) : warning LNK4099: PDB 'vc120.pdb' was not found with 'sfml-window-s-d.lib(Context.cpp.obj)' or at 'I:\kansiot\Food hunting\peli.v2\sfml\Debug\vc120.pdb'; linking object as if no debug info
     1>sfml-window-s-d.lib(GlContext.cpp.obj) : warning LNK4099: PDB 'vc120.pdb' was not found with 'sfml-window-s-d.lib(GlContext.cpp.obj)' or at 'I:\kansiot\Food hunting\peli.v2\sfml\Debug\vc120.pdb'; linking object as if no debug info
     1>sfml-window-s-d.lib(GlResource.cpp.obj) : warning LNK4099: PDB 'vc120.pdb' was not found with 'sfml-window-s-d.lib(GlResource.cpp.obj)' or at 'I:\kansiot\Food hunting\peli.v2\sfml\Debug\vc120.pdb'; linking object as if no debug info
     1>sfml-window-s-d.lib(Joystick.cpp.obj) : warning LNK4099: PDB 'vc120.pdb' was not found with 'sfml-window-s-d.lib(Joystick.cpp.obj)' or at 'I:\kansiot\Food hunting\peli.v2\sfml\Debug\vc120.pdb'; linking object as if no debug info
     1>sfml-window-s-d.lib(JoystickManager.cpp.obj) : warning LNK4099: PDB 'vc120.pdb' was not found with 'sfml-window-s-d.lib(JoystickManager.cpp.obj)' or at 'I:\kansiot\Food hunting\peli.v2\sfml\Debug\vc120.pdb'; linking object as if no debug info
     1>sfml-window-s-d.lib(Keyboard.cpp.obj) : warning LNK4099: PDB 'vc120.pdb' was not found with 'sfml-window-s-d.lib(Keyboard.cpp.obj)' or at 'I:\kansiot\Food hunting\peli.v2\sfml\Debug\vc120.pdb'; linking object as if no debug info
     1>sfml-window-s-d.lib(SensorManager.cpp.obj) : warning LNK4099: PDB 'vc120.pdb' was not found with 'sfml-window-s-d.lib(SensorManager.cpp.obj)' or at 'I:\kansiot\Food hunting\peli.v2\sfml\Debug\vc120.pdb'; linking object as if no debug info
     1>sfml-window-s-d.lib(VideoMode.cpp.obj) : warning LNK4099: PDB 'vc120.pdb' was not found with 'sfml-window-s-d.lib(VideoMode.cpp.obj)' or at 'I:\kansiot\Food hunting\peli.v2\sfml\Debug\vc120.pdb'; linking object as if no debug info
     1>sfml-window-s-d.lib(Window.cpp.obj) : warning LNK4099: PDB 'vc120.pdb' was not found with 'sfml-window-s-d.lib(Window.cpp.obj)' or at 'I:\kansiot\Food hunting\peli.v2\sfml\Debug\vc120.pdb'; linking object as if no debug info
     1>sfml-window-s-d.lib(WindowImpl.cpp.obj) : warning LNK4099: PDB 'vc120.pdb' was not found with 'sfml-window-s-d.lib(WindowImpl.cpp.obj)' or at 'I:\kansiot\Food hunting\peli.v2\sfml\Debug\vc120.pdb'; linking object as if no debug info
     1>sfml-window-s-d.lib(WglContext.cpp.obj) : warning LNK4099: PDB 'vc120.pdb' was not found with 'sfml-window-s-d.lib(WglContext.cpp.obj)' or at 'I:\kansiot\Food hunting\peli.v2\sfml\Debug\vc120.pdb'; linking object as if no debug info
     1>sfml-window-s-d.lib(InputImpl.cpp.obj) : warning LNK4099: PDB 'vc120.pdb' was not found with 'sfml-window-s-d.lib(InputImpl.cpp.obj)' or at 'I:\kansiot\Food hunting\peli.v2\sfml\Debug\vc120.pdb'; linking object as if no debug info
     1>sfml-window-s-d.lib(JoystickImpl.cpp.obj) : warning LNK4099: PDB 'vc120.pdb' was not found with 'sfml-window-s-d.lib(JoystickImpl.cpp.obj)' or at 'I:\kansiot\Food hunting\peli.v2\sfml\Debug\vc120.pdb'; linking object as if no debug info
     1>sfml-window-s-d.lib(SensorImpl.cpp.obj) : warning LNK4099: PDB 'vc120.pdb' was not found with 'sfml-window-s-d.lib(SensorImpl.cpp.obj)' or at 'I:\kansiot\Food hunting\peli.v2\sfml\Debug\vc120.pdb'; linking object as if no debug info
     1>sfml-window-s-d.lib(VideoModeImpl.cpp.obj) : warning LNK4099: PDB 'vc120.pdb' was not found with 'sfml-window-s-d.lib(VideoModeImpl.cpp.obj)' or at 'I:\kansiot\Food hunting\peli.v2\sfml\Debug\vc120.pdb'; linking object as if no debug info
     1>sfml-window-s-d.lib(WindowImplWin32.cpp.obj) : warning LNK4099: PDB 'vc120.pdb' was not found with 'sfml-window-s-d.lib(WindowImplWin32.cpp.obj)' or at 'I:\kansiot\Food hunting\peli.v2\sfml\Debug\vc120.pdb'; linking object as if no debug info
     1>sfml-system-s-d.lib(Clock.cpp.obj) : warning LNK4099: PDB 'vc120.pdb' was not found with 'sfml-system-s-d.lib(Clock.cpp.obj)' or at 'I:\kansiot\Food hunting\peli.v2\sfml\Debug\vc120.pdb'; linking object as if no debug info
     1>sfml-system-s-d.lib(Err.cpp.obj) : warning LNK4099: PDB 'vc120.pdb' was not found with 'sfml-system-s-d.lib(Err.cpp.obj)' or at 'I:\kansiot\Food hunting\peli.v2\sfml\Debug\vc120.pdb'; linking object as if no debug info
     1>sfml-system-s-d.lib(Lock.cpp.obj) : warning LNK4099: PDB 'vc120.pdb' was not found with 'sfml-system-s-d.lib(Lock.cpp.obj)' or at 'I:\kansiot\Food hunting\peli.v2\sfml\Debug\vc120.pdb'; linking object as if no debug info
     1>sfml-system-s-d.lib(Mutex.cpp.obj) : warning LNK4099: PDB 'vc120.pdb' was not found with 'sfml-system-s-d.lib(Mutex.cpp.obj)' or at 'I:\kansiot\Food hunting\peli.v2\sfml\Debug\vc120.pdb'; linking object as if no debug info
     1>sfml-system-s-d.lib(Sleep.cpp.obj) : warning LNK4099: PDB 'vc120.pdb' was not found with 'sfml-system-s-d.lib(Sleep.cpp.obj)' or at 'I:\kansiot\Food hunting\peli.v2\sfml\Debug\vc120.pdb'; linking object as if no debug info
     1>sfml-system-s-d.lib(String.cpp.obj) : warning LNK4099: PDB 'vc120.pdb' was not found with 'sfml-system-s-d.lib(String.cpp.obj)' or at 'I:\kansiot\Food hunting\peli.v2\sfml\Debug\vc120.pdb'; linking object as if no debug info
     1>sfml-system-s-d.lib(ThreadLocal.cpp.obj) : warning LNK4099: PDB 'vc120.pdb' was not found with 'sfml-system-s-d.lib(ThreadLocal.cpp.obj)' or at 'I:\kansiot\Food hunting\peli.v2\sfml\Debug\vc120.pdb'; linking object as if no debug info
     1>sfml-system-s-d.lib(Time.cpp.obj) : warning LNK4099: PDB 'vc120.pdb' was not found with 'sfml-system-s-d.lib(Time.cpp.obj)' or at 'I:\kansiot\Food hunting\peli.v2\sfml\Debug\vc120.pdb'; linking object as if no debug info
     1>sfml-system-s-d.lib(ClockImpl.cpp.obj) : warning LNK4099: PDB 'vc120.pdb' was not found with 'sfml-system-s-d.lib(ClockImpl.cpp.obj)' or at 'I:\kansiot\Food hunting\peli.v2\sfml\Debug\vc120.pdb'; linking object as if no debug info
     1>sfml-system-s-d.lib(MutexImpl.cpp.obj) : warning LNK4099: PDB 'vc120.pdb' was not found with 'sfml-system-s-d.lib(MutexImpl.cpp.obj)' or at 'I:\kansiot\Food hunting\peli.v2\sfml\Debug\vc120.pdb'; linking object as if no debug info
     1>sfml-system-s-d.lib(SleepImpl.cpp.obj) : warning LNK4099: PDB 'vc120.pdb' was not found with 'sfml-system-s-d.lib(SleepImpl.cpp.obj)' or at 'I:\kansiot\Food hunting\peli.v2\sfml\Debug\vc120.pdb'; linking object as if no debug info
     1>sfml-system-s-d.lib(ThreadLocalImpl.cpp.obj) : warning LNK4099: PDB 'vc120.pdb' was not found with 'sfml-system-s-d.lib(ThreadLocalImpl.cpp.obj)' or at 'I:\kansiot\Food hunting\peli.v2\sfml\Debug\vc120.pdb'; linking object as if no debug info
     1>sfml-graphics-s-d.lib(BlendMode.cpp.obj) : warning LNK4099: PDB 'vc120.pdb' was not found with 'sfml-graphics-s-d.lib(BlendMode.cpp.obj)' or at 'I:\kansiot\Food hunting\peli.v2\sfml\Debug\vc120.pdb'; linking object as if no debug info
     1>sfml-graphics-s-d.lib(Color.cpp.obj) : warning LNK4099: PDB 'vc120.pdb' was not found with 'sfml-graphics-s-d.lib(Color.cpp.obj)' or at 'I:\kansiot\Food hunting\peli.v2\sfml\Debug\vc120.pdb'; linking object as if no debug info
     1>sfml-graphics-s-d.lib(GLCheck.cpp.obj) : warning LNK4099: PDB 'vc120.pdb' was not found with 'sfml-graphics-s-d.lib(GLCheck.cpp.obj)' or at 'I:\kansiot\Food hunting\peli.v2\sfml\Debug\vc120.pdb'; linking object as if no debug info
     1>sfml-graphics-s-d.lib(GLExtensions.cpp.obj) : warning LNK4099: PDB 'vc120.pdb' was not found with 'sfml-graphics-s-d.lib(GLExtensions.cpp.obj)' or at 'I:\kansiot\Food hunting\peli.v2\sfml\Debug\vc120.pdb'; linking object as if no debug info
     1>sfml-graphics-s-d.lib(Image.cpp.obj) : warning LNK4099: PDB 'vc120.pdb' was not found with 'sfml-graphics-s-d.lib(Image.cpp.obj)' or at 'I:\kansiot\Food hunting\peli.v2\sfml\Debug\vc120.pdb'; linking object as if no debug info
     1>sfml-graphics-s-d.lib(ImageLoader.cpp.obj) : warning LNK4099: PDB 'vc120.pdb' was not found with 'sfml-graphics-s-d.lib(ImageLoader.cpp.obj)' or at 'I:\kansiot\Food hunting\peli.v2\sfml\Debug\vc120.pdb'; linking object as if no debug info
     1>sfml-graphics-s-d.lib(RenderStates.cpp.obj) : warning LNK4099: PDB 'vc120.pdb' was not found with 'sfml-graphics-s-d.lib(RenderStates.cpp.obj)' or at 'I:\kansiot\Food hunting\peli.v2\sfml\Debug\vc120.pdb'; linking object as if no debug info
     1>sfml-graphics-s-d.lib(RenderTarget.cpp.obj) : warning LNK4099: PDB 'vc120.pdb' was not found with 'sfml-graphics-s-d.lib(RenderTarget.cpp.obj)' or at 'I:\kansiot\Food hunting\peli.v2\sfml\Debug\vc120.pdb'; linking object as if no debug info
     1>sfml-graphics-s-d.lib(RenderWindow.cpp.obj) : warning LNK4099: PDB 'vc120.pdb' was not found with 'sfml-graphics-s-d.lib(RenderWindow.cpp.obj)' or at 'I:\kansiot\Food hunting\peli.v2\sfml\Debug\vc120.pdb'; linking object as if no debug info
     1>sfml-graphics-s-d.lib(Shader.cpp.obj) : warning LNK4099: PDB 'vc120.pdb' was not found with 'sfml-graphics-s-d.lib(Shader.cpp.obj)' or at 'I:\kansiot\Food hunting\peli.v2\sfml\Debug\vc120.pdb'; linking object as if no debug info
     1>sfml-graphics-s-d.lib(Texture.cpp.obj) : warning LNK4099: PDB 'vc120.pdb' was not found with 'sfml-graphics-s-d.lib(Texture.cpp.obj)' or at 'I:\kansiot\Food hunting\peli.v2\sfml\Debug\vc120.pdb'; linking object as if no debug info
     1>sfml-graphics-s-d.lib(TextureSaver.cpp.obj) : warning LNK4099: PDB 'vc120.pdb' was not found with 'sfml-graphics-s-d.lib(TextureSaver.cpp.obj)' or at 'I:\kansiot\Food hunting\peli.v2\sfml\Debug\vc120.pdb'; linking object as if no debug info
     1>sfml-graphics-s-d.lib(Transform.cpp.obj) : warning LNK4099: PDB 'vc120.pdb' was not found with 'sfml-graphics-s-d.lib(Transform.cpp.obj)' or at 'I:\kansiot\Food hunting\peli.v2\sfml\Debug\vc120.pdb'; linking object as if no debug info
     1>sfml-graphics-s-d.lib(Transformable.cpp.obj) : warning LNK4099: PDB 'vc120.pdb' was not found with 'sfml-graphics-s-d.lib(Transformable.cpp.obj)' or at 'I:\kansiot\Food hunting\peli.v2\sfml\Debug\vc120.pdb'; linking object as if no debug info
     1>sfml-graphics-s-d.lib(View.cpp.obj) : warning LNK4099: PDB 'vc120.pdb' was not found with 'sfml-graphics-s-d.lib(View.cpp.obj)' or at 'I:\kansiot\Food hunting\peli.v2\sfml\Debug\vc120.pdb'; linking object as if no debug info
     1>sfml-graphics-s-d.lib(Vertex.cpp.obj) : warning LNK4099: PDB 'vc120.pdb' was not found with 'sfml-graphics-s-d.lib(Vertex.cpp.obj)' or at 'I:\kansiot\Food hunting\peli.v2\sfml\Debug\vc120.pdb'; linking object as if no debug info
     1>sfml-graphics-s-d.lib(Sprite.cpp.obj) : warning LNK4099: PDB 'vc120.pdb' was not found with 'sfml-graphics-s-d.lib(Sprite.cpp.obj)' or at 'I:\kansiot\Food hunting\peli.v2\sfml\Debug\vc120.pdb'; linking object as if no debug info
         sfml.vcxproj -> I:\kansiot\Food hunting\peli.v2\sfml\Debug\sfml.exe
     1>Done Building Project "I:\kansiot\Food hunting\peli.v2\sfml\sfml\sfml.vcxproj" (Build target(s)).

Build succeeded.

Time Elapsed 00:00:12.45
